  AssetManager.cpp
  Audio.cpp
  Errors.cpp
  Event.cpp
  EventManager.cpp
  InputManager.cpp
  main.cpp
  MainGame.cpp
C:\Users\astro\OneDrive\Desktop\SeniorProject\ECStroids\MainGame.cpp(31,12): warning C4244:  'argument': conversion from 'time_t' to 'unsigned int', possible loss of data
C:\Users\astro\OneDrive\Desktop\SeniorProject\ECStroids\MainGame.cpp(58,59): warning C4244:  'argument': conversion from 'Sint32' to 'float', possible loss of data
  Systems.cpp
C:\Users\astro\OneDrive\Desktop\SeniorProject\ECStroids\MainGame.cpp(58,44): warning C4244:  'argument': conversion from 'Sint32' to 'float', possible loss of data
C:\Users\astro\OneDrive\Desktop\SeniorProject\ECStroids\Systems.cpp(53,54): warning C4244:  'argument': conversion from 'Sint32' to 'float', possible loss of data
C:\Users\astro\OneDrive\Desktop\SeniorProject\ECStroids\Systems.cpp(53,39): warning C4244:  'argument': conversion from 'Sint32' to 'float', possible loss of data
C:\Users\astro\OneDrive\Desktop\SeniorProject\ECStroids\Systems.cpp(20,27): warning C4244:  '=': conversion from 'float' to 'int', possible loss of data
C:\Program Files (x86)\Microsoft Visual Studio\2019\Community\VC\Tools\MSVC\14.22.27905\include\type_traits(1457): message :  see reference to function template instantiation 'auto Systems::drawSprites::<lambda_5953b4fd2361ab13fb14201e899e0f8a>::operator ()<_Ty,Position>(_Ty &,Position &) const' being compiled
C:\Program Files (x86)\Microsoft Visual Studio\2019\Community\VC\Tools\MSVC\14.22.27905\include\type_traits(1457): message :         with
C:\Program Files (x86)\Microsoft Visual Studio\2019\Community\VC\Tools\MSVC\14.22.27905\include\type_traits(1457): message :         [
C:\Program Files (x86)\Microsoft Visual Studio\2019\Community\VC\Tools\MSVC\14.22.27905\include\type_traits(1457): message :             _Ty=Sprite
C:\Program Files (x86)\Microsoft Visual Studio\2019\Community\VC\Tools\MSVC\14.22.27905\include\type_traits(1457): message :         ]
C:\Users\astro\OneDrive\Desktop\SeniorProject\ECStroids\entt\entity\view.hpp(172): message :  see reference to variable template 'const bool is_invocable_v<<lambda_5953b4fd2361ab13fb14201e899e0f8a>,Sprite &,Position &>' being compiled
C:\Users\astro\OneDrive\Desktop\SeniorProject\ECStroids\entt\entity\view.hpp(408): message :  see reference to function template instantiation 'void entt::basic_view<Entity,Sprite,Position>::each<Comp,Position,Systems::drawSprites::<lambda_5953b4fd2361ab13fb14201e899e0f8a>>(std::tuple<Comp *,Position *>,Func) const' being compiled
C:\Users\astro\OneDrive\Desktop\SeniorProject\ECStroids\entt\entity\view.hpp(408): message :         with
C:\Users\astro\OneDrive\Desktop\SeniorProject\ECStroids\entt\entity\view.hpp(408): message :         [
C:\Users\astro\OneDrive\Desktop\SeniorProject\ECStroids\entt\entity\view.hpp(408): message :             Entity=entt::entity,
C:\Users\astro\OneDrive\Desktop\SeniorProject\ECStroids\entt\entity\view.hpp(408): message :             Comp=Sprite,
C:\Users\astro\OneDrive\Desktop\SeniorProject\ECStroids\entt\entity\view.hpp(408): message :             Func=Systems::drawSprites::<lambda_5953b4fd2361ab13fb14201e899e0f8a>
C:\Users\astro\OneDrive\Desktop\SeniorProject\ECStroids\entt\entity\view.hpp(408): message :         ]
C:\Users\astro\OneDrive\Desktop\SeniorProject\ECStroids\entt\entity\view.hpp(409): message :  see reference to function template instantiation 'void entt::basic_view<Entity,Sprite,Position>::each<Comp,Position,Systems::drawSprites::<lambda_5953b4fd2361ab13fb14201e899e0f8a>>(std::tuple<Comp *,Position *>,Func) const' being compiled
C:\Users\astro\OneDrive\Desktop\SeniorProject\ECStroids\entt\entity\view.hpp(409): message :         with
C:\Users\astro\OneDrive\Desktop\SeniorProject\ECStroids\entt\entity\view.hpp(409): message :         [
C:\Users\astro\OneDrive\Desktop\SeniorProject\ECStroids\entt\entity\view.hpp(409): message :             Entity=entt::entity,
C:\Users\astro\OneDrive\Desktop\SeniorProject\ECStroids\entt\entity\view.hpp(409): message :             Comp=Sprite,
C:\Users\astro\OneDrive\Desktop\SeniorProject\ECStroids\entt\entity\view.hpp(409): message :             Func=Systems::drawSprites::<lambda_5953b4fd2361ab13fb14201e899e0f8a>
C:\Users\astro\OneDrive\Desktop\SeniorProject\ECStroids\entt\entity\view.hpp(409): message :         ]
C:\Users\astro\OneDrive\Desktop\SeniorProject\ECStroids\entt\entity\view.hpp(377): message :  see reference to function template instantiation 'void entt::basic_view<Entity,Sprite,Position>::each<Sprite,Systems::drawSprites::<lambda_5953b4fd2361ab13fb14201e899e0f8a>>(Func) const' being compiled
C:\Users\astro\OneDrive\Desktop\SeniorProject\ECStroids\entt\entity\view.hpp(377): message :         with
C:\Users\astro\OneDrive\Desktop\SeniorProject\ECStroids\entt\entity\view.hpp(377): message :         [
C:\Users\astro\OneDrive\Desktop\SeniorProject\ECStroids\entt\entity\view.hpp(377): message :             Entity=entt::entity,
C:\Users\astro\OneDrive\Desktop\SeniorProject\ECStroids\entt\entity\view.hpp(377): message :             Func=Systems::drawSprites::<lambda_5953b4fd2361ab13fb14201e899e0f8a>
C:\Users\astro\OneDrive\Desktop\SeniorProject\ECStroids\entt\entity\view.hpp(377): message :         ]
C:\Users\astro\OneDrive\Desktop\SeniorProject\ECStroids\entt\entity\view.hpp(379): message :  see reference to function template instantiation 'void entt::basic_view<Entity,Sprite,Position>::each<Sprite,Systems::drawSprites::<lambda_5953b4fd2361ab13fb14201e899e0f8a>>(Func) const' being compiled
C:\Users\astro\OneDrive\Desktop\SeniorProject\ECStroids\entt\entity\view.hpp(379): message :         with
C:\Users\astro\OneDrive\Desktop\SeniorProject\ECStroids\entt\entity\view.hpp(379): message :         [
C:\Users\astro\OneDrive\Desktop\SeniorProject\ECStroids\entt\entity\view.hpp(379): message :             Entity=entt::entity,
C:\Users\astro\OneDrive\Desktop\SeniorProject\ECStroids\entt\entity\view.hpp(379): message :             Func=Systems::drawSprites::<lambda_5953b4fd2361ab13fb14201e899e0f8a>
C:\Users\astro\OneDrive\Desktop\SeniorProject\ECStroids\entt\entity\view.hpp(379): message :         ]
C:\Users\astro\OneDrive\Desktop\SeniorProject\ECStroids\Systems.cpp(30): message :  see reference to function template instantiation 'void entt::basic_view<Entity,Sprite,Position>::each<Systems::drawSprites::<lambda_5953b4fd2361ab13fb14201e899e0f8a>>(Func) const' being compiled
C:\Users\astro\OneDrive\Desktop\SeniorProject\ECStroids\Systems.cpp(30): message :         with
C:\Users\astro\OneDrive\Desktop\SeniorProject\ECStroids\Systems.cpp(30): message :         [
C:\Users\astro\OneDrive\Desktop\SeniorProject\ECStroids\Systems.cpp(30): message :             Entity=entt::entity,
C:\Users\astro\OneDrive\Desktop\SeniorProject\ECStroids\Systems.cpp(30): message :             Func=Systems::drawSprites::<lambda_5953b4fd2361ab13fb14201e899e0f8a>
C:\Users\astro\OneDrive\Desktop\SeniorProject\ECStroids\Systems.cpp(30): message :         ]
C:\Users\astro\OneDrive\Desktop\SeniorProject\ECStroids\Systems.cpp(18): message :  see reference to function template instantiation 'void entt::basic_view<Entity,Sprite,Position>::each<Systems::drawSprites::<lambda_5953b4fd2361ab13fb14201e899e0f8a>>(Func) const' being compiled
C:\Users\astro\OneDrive\Desktop\SeniorProject\ECStroids\Systems.cpp(18): message :         with
C:\Users\astro\OneDrive\Desktop\SeniorProject\ECStroids\Systems.cpp(18): message :         [
C:\Users\astro\OneDrive\Desktop\SeniorProject\ECStroids\Systems.cpp(18): message :             Entity=entt::entity,
C:\Users\astro\OneDrive\Desktop\SeniorProject\ECStroids\Systems.cpp(18): message :             Func=Systems::drawSprites::<lambda_5953b4fd2361ab13fb14201e899e0f8a>
C:\Users\astro\OneDrive\Desktop\SeniorProject\ECStroids\Systems.cpp(18): message :         ]
  TextureManager.cpp
  Timing.cpp
C:\Users\astro\OneDrive\Desktop\SeniorProject\ECStroids\Systems.cpp(21,27): warning C4244:  '=': conversion from 'float' to 'int', possible loss of data
C:\Users\astro\OneDrive\Desktop\SeniorProject\ECStroids\Timing.cpp(16,19): warning C4244:  'initializing': conversion from 'Uint32' to 'float', possible loss of data
C:\Users\astro\OneDrive\Desktop\SeniorProject\ECStroids\Timing.cpp(18,31): warning C4244:  'argument': conversion from 'float' to 'Uint32', possible loss of data
C:\Users\astro\OneDrive\Desktop\SeniorProject\ECStroids\Timing.cpp(28,25): warning C4244:  'initializing': conversion from 'Uint32' to 'float', possible loss of data
  Window.cpp
  Generating Code...
C:\Users\astro\OneDrive\Desktop\SeniorProject\ECStroids\Timing.cpp(30,21): warning C4244:  'initializing': conversion from 'Uint32' to 'float', possible loss of data
AssetManager.obj : error LNK2019: unresolved external symbol SDL_DestroyTexture referenced in function "public: __cdecl Sprite::~Sprite(void)" (??1Sprite@@QEAA@XZ)
Systems.obj : error LNK2001: unresolved external symbol SDL_DestroyTexture
Audio.obj : error LNK2019: unresolved external symbol SDL_RWFromFile referenced in function "public: __cdecl Audio::Audio(void)" (??0Audio@@QEAA@XZ)
Audio.obj : error LNK2019: unresolved external symbol Mix_OpenAudio referenced in function "public: __cdecl Audio::Audio(void)" (??0Audio@@QEAA@XZ)
Audio.obj : error LNK2019: unresolved external symbol Mix_AllocateChannels referenced in function "public: __cdecl Audio::Audio(void)" (??0Audio@@QEAA@XZ)
Audio.obj : error LNK2019: unresolved external symbol Mix_LoadWAV_RW referenced in function "public: __cdecl Audio::Audio(void)" (??0Audio@@QEAA@XZ)
Audio.obj : error LNK2019: unresolved external symbol Mix_LoadMUS referenced in function "public: __cdecl Audio::Audio(void)" (??0Audio@@QEAA@XZ)
Audio.obj : error LNK2019: unresolved external symbol Mix_PlayChannelTimed referenced in function "public: void __cdecl Audio::playSound(int)" (?playSound@Audio@@QEAAXH@Z)
Audio.obj : error LNK2019: unresolved external symbol Mix_PlayMusic referenced in function "public: void __cdecl Audio::playMusic(int)" (?playMusic@Audio@@QEAAXH@Z)
Audio.obj : error LNK2019: unresolved external symbol Mix_Volume referenced in function "public: __cdecl Audio::Audio(void)" (??0Audio@@QEAA@XZ)
Audio.obj : error LNK2019: unresolved external symbol Mix_VolumeMusic referenced in function "public: __cdecl Audio::Audio(void)" (??0Audio@@QEAA@XZ)
Audio.obj : error LNK2019: unresolved external symbol Mix_CloseAudio referenced in function "public: __cdecl Audio::~Audio(void)" (??1Audio@@QEAA@XZ)
MainGame.obj : error LNK2019: unresolved external symbol SDL_PollEvent referenced in function "private: void __cdecl MainGame::processInput(void)" (?processInput@MainGame@@AEAAXXZ)
Systems.obj : error LNK2001: unresolved external symbol SDL_PollEvent
MainGame.obj : error LNK2019: unresolved external symbol SDL_RenderClear referenced in function "private: void __cdecl MainGame::drawGame(void)" (?drawGame@MainGame@@AEAAXXZ)
MainGame.obj : error LNK2019: unresolved external symbol SDL_RenderPresent referenced in function "private: void __cdecl MainGame::drawGame(void)" (?drawGame@MainGame@@AEAAXXZ)
TextureManager.obj : error LNK2019: unresolved external symbol SDL_FreeSurface referenced in function "public: static struct SDL_Texture * __cdecl TextureManager::LoadTexture(char const *)" (?LoadTexture@TextureManager@@SAPEAUSDL_Texture@@PEBD@Z)
TextureManager.obj : error LNK2019: unresolved external symbol SDL_CreateTextureFromSurface referenced in function "public: static struct SDL_Texture * __cdecl TextureManager::LoadTexture(char const *)" (?LoadTexture@TextureManager@@SAPEAUSDL_Texture@@PEBD@Z)
TextureManager.obj : error LNK2019: unresolved external symbol SDL_RenderCopy referenced in function "public: static void __cdecl TextureManager::Draw(struct SDL_Texture *,struct SDL_Rect,struct SDL_Rect)" (?Draw@TextureManager@@SAXPEAUSDL_Texture@@USDL_Rect@@1@Z)
TextureManager.obj : error LNK2019: unresolved external symbol SDL_RenderCopyEx referenced in function "public: static void __cdecl TextureManager::Draw(struct SDL_Texture *,struct SDL_Rect,struct SDL_Rect,struct SDL_Point *,double)" (?Draw@TextureManager@@SAXPEAUSDL_Texture@@USDL_Rect@@1PEAUSDL_Point@@N@Z)
TextureManager.obj : error LNK2019: unresolved external symbol IMG_Load referenced in function "public: static struct SDL_Texture * __cdecl TextureManager::LoadTexture(char const *)" (?LoadTexture@TextureManager@@SAPEAUSDL_Texture@@PEBD@Z)
Timing.obj : error LNK2019: unresolved external symbol SDL_GetTicks referenced in function "public: void __cdecl FPSLimiter::begin(void)" (?begin@FPSLimiter@@QEAAXXZ)
Timing.obj : error LNK2019: unresolved external symbol SDL_Delay referenced in function "public: float __cdecl FPSLimiter::end(void)" (?end@FPSLimiter@@QEAAMXZ)
Window.obj : error LNK2019: unresolved external symbol SDL_CreateWindow referenced in function "public: struct SDL_Renderer * __cdecl X::Window::create(class std::basic_string<char,struct std::char_traits<char>,class std::allocator<char> >,int,int,unsigned int)" (?create@Window@X@@QEAAPEAUSDL_Renderer@@V?$basic_string@DU?$char_traits@D@std@@V?$allocator@D@2@@std@@HHI@Z)
Window.obj : error LNK2019: unresolved external symbol SDL_CreateRenderer referenced in function "public: struct SDL_Renderer * __cdecl X::Window::create(class std::basic_string<char,struct std::char_traits<char>,class std::allocator<char> >,int,int,unsigned int)" (?create@Window@X@@QEAAPEAUSDL_Renderer@@V?$basic_string@DU?$char_traits@D@std@@V?$allocator@D@2@@std@@HHI@Z)
Window.obj : error LNK2019: unresolved external symbol SDL_SetRenderDrawColor referenced in function "public: struct SDL_Renderer * __cdecl X::Window::create(class std::basic_string<char,struct std::char_traits<char>,class std::allocator<char> >,int,int,unsigned int)" (?create@Window@X@@QEAAPEAUSDL_Renderer@@V?$basic_string@DU?$char_traits@D@std@@V?$allocator@D@2@@std@@HHI@Z)
Window.obj : error LNK2019: unresolved external symbol SDL_SetRenderDrawBlendMode referenced in function "public: struct SDL_Renderer * __cdecl X::Window::create(class std::basic_string<char,struct std::char_traits<char>,class std::allocator<char> >,int,int,unsigned int)" (?create@Window@X@@QEAAPEAUSDL_Renderer@@V?$basic_string@DU?$char_traits@D@std@@V?$allocator@D@2@@std@@HHI@Z)
MSVCRTD.lib(exe_main.obj) : error LNK2019: unresolved external symbol main referenced in function "int __cdecl invoke_main(void)" (?invoke_main@@YAHXZ)
C:\Users\astro\OneDrive\Desktop\SeniorProject\Resources\lib\SDL2.lib : warning LNK4272: library machine type 'x86' conflicts with target machine type 'x64'
C:\Users\astro\OneDrive\Desktop\SeniorProject\Resources\lib\SDL2main.lib : warning LNK4272: library machine type 'x86' conflicts with target machine type 'x64'
C:\Users\astro\OneDrive\Desktop\SeniorProject\Resources\lib\SDL2_image.lib : warning LNK4272: library machine type 'x86' conflicts with target machine type 'x64'
C:\Users\astro\OneDrive\Desktop\SeniorProject\Resources\lib\SDL2_mixer.lib : warning LNK4272: library machine type 'x86' conflicts with target machine type 'x64'
C:\Users\astro\OneDrive\Desktop\SeniorProject\Resources\lib\SDL2_ttf.lib : warning LNK4272: library machine type 'x86' conflicts with target machine type 'x64'
C:\Users\astro\OneDrive\Desktop\SeniorProject\x64\Debug\ECStroids.exe : fatal error LNK1120: 26 unresolved externals
